<?xml version='1.0' encoding='UTF-8'?>
<testsuite hostname="Wolfgangs-MBP.lan" name="doctus.core.util.CoreSuite" tests="32" errors="0" failures="0" time="0.0">
                     <properties>
[...]
</properties>
                     <testcase classname="doctus.core.util.CoreSuite" name="" time="0.0">
                                                 
                                               </testcase><testcase classname="doctus.core.util.CoreSuite" name="" time="0.0">
                                                 
                                               </testcase><testcase classname="doctus.core.util.CoreSuite" name="" time="0.0">
                                                 
                                               </testcase><testcase classname="doctus.core.util.CoreSuite" name="" time="0.0">
                                                 
                                               </testcase><testcase classname="doctus.core.util.CoreSuite" name="" time="0.0">
                                                 
                                               </testcase><testcase classname="doctus.core.util.CoreSuite" name="" time="0.0">
                                                 
                                               </testcase><testcase classname="doctus.core.util.CoreSuite" name="" time="0.0">
                                                 
                                               </testcase><testcase classname="doctus.core.util.CoreSuite" name="" time="0.0">
                                                 
                                               </testcase><testcase classname="doctus.core.util.CoreSuite" name="" time="0.0">
                                                 
                                               </testcase><testcase classname="doctus.core.util.CoreSuite" name="" time="0.0">
                                                 
                                               </testcase><testcase classname="doctus.core.util.CoreSuite" name="" time="0.0">
                                                 
                                               </testcase><testcase classname="doctus.core.util.CoreSuite" name="" time="0.0">
                                                 
                                               </testcase><testcase classname="doctus.core.util.CoreSuite" name="" time="0.0">
                                                 
                                               </testcase><testcase classname="doctus.core.util.CoreSuite" name="" time="0.0">
                                                 
                                               </testcase><testcase classname="doctus.core.util.CoreSuite" name="" time="0.0">
                                                 
                                               </testcase><testcase classname="doctus.core.util.CoreSuite" name="" time="0.0">
                                                 
                                               </testcase><testcase classname="doctus.core.util.CoreSuite" name="" time="0.0">
                                                 
                                               </testcase><testcase classname="doctus.core.util.CoreSuite" name="" time="0.0">
                                                 
                                               </testcase><testcase classname="doctus.core.util.CoreSuite" name="" time="0.0">
                                                 
                                               </testcase><testcase classname="doctus.core.util.CoreSuite" name="" time="0.0">
                                                 
                                               </testcase><testcase classname="doctus.core.util.CoreSuite" name="" time="0.0">
                                                 
                                               </testcase><testcase classname="doctus.core.util.CoreSuite" name="" time="0.0">
                                                 
                                               </testcase><testcase classname="doctus.core.util.CoreSuite" name="" time="0.0">
                                                 
                                               </testcase><testcase classname="doctus.core.util.CoreSuite" name="" time="0.0">
                                                 
                                               </testcase><testcase classname="doctus.core.util.CoreSuite" name="" time="0.0">
                                                 
                                               </testcase><testcase classname="doctus.core.util.CoreSuite" name="" time="0.0">
                                                 
                                               </testcase><testcase classname="doctus.core.util.CoreSuite" name="" time="0.0">
                                                 
                                               </testcase><testcase classname="doctus.core.util.CoreSuite" name="" time="0.0">
                                                 
                                               </testcase><testcase classname="doctus.core.util.CoreSuite" name="" time="0.0">
                                                 
                                               </testcase><testcase classname="doctus.core.util.CoreSuite" name="" time="0.0">
                                                 
                                               </testcase><testcase classname="doctus.core.util.CoreSuite" name="" time="0.0">
                                                 
                                               </testcase><testcase classname="doctus.core.util.CoreSuite" name="" time="0.0">
                                                 
                                               </testcase>
                     <system-out></system-out>
                     <system-err></system-err>
                   </testsuite>